Disk Report - Wed Nov 12 01:44:01 AM EST 2025
Filesystem      Size  Used Avail Use% Mounted on
tmpfs           588M  2.0M  586M   1% /run
/dev/sda2        20G   12G  7.0G  63% /
tmpfs           2.9G     0  2.9G   0% /dev/shm
tmpfs           5.0M  8.0K  5.0M   1% /run/lock
tmpfs           588M  120K  588M   1% /run/user/1000
/dev/sr0         96M   96M     0 100% /media/viswa/CDROM
/dev/sr1        6.0G  6.0G     0 100% /media/viswa/Ubuntu 24.04.3 LTS amd64
------------------------
Disk Report - Wed Nov 12 01:55:01 AM EST 2025
Filesystem      Size  Used Avail Use% Mounted on
tmpfs           588M  2.0M  586M   1% /run
/dev/sda2        20G   12G  7.0G  63% /
tmpfs           2.9G     0  2.9G   0% /dev/shm
tmpfs           5.0M  8.0K  5.0M   1% /run/lock
tmpfs           588M  124K  588M   1% /run/user/1000
/dev/sr0         96M   96M     0 100% /media/viswa/CDROM
/dev/sr1        6.0G  6.0G     0 100% /media/viswa/Ubuntu 24.04.3 LTS amd64
------------------------
Disk Report - Wed Nov 12 02:00:01 AM EST 2025
Filesystem      Size  Used Avail Use% Mounted on
tmpfs           588M  2.0M  586M   1% /run
/dev/sda2        20G   12G  7.0G  63% /
tmpfs           2.9G     0  2.9G   0% /dev/shm
tmpfs           5.0M  8.0K  5.0M   1% /run/lock
tmpfs           588M  124K  588M   1% /run/user/1000
/dev/sr0         96M   96M     0 100% /media/viswa/CDROM
/dev/sr1        6.0G  6.0G     0 100% /media/viswa/Ubuntu 24.04.3 LTS amd64
------------------------
Disk Report - Wed Nov 12 02:05:01 AM EST 2025
Filesystem      Size  Used Avail Use% Mounted on
tmpfs           588M  2.0M  586M   1% /run
/dev/sda2        20G   12G  7.0G  63% /
tmpfs           2.9G     0  2.9G   0% /dev/shm
tmpfs           5.0M  8.0K  5.0M   1% /run/lock
tmpfs           588M  128K  588M   1% /run/user/1000
/dev/sr0         96M   96M     0 100% /media/viswa/CDROM
/dev/sr1        6.0G  6.0G     0 100% /media/viswa/Ubuntu 24.04.3 LTS amd64
------------------------
Disk Report - Wed Nov 12 02:10:01 AM EST 2025
Filesystem      Size  Used Avail Use% Mounted on
tmpfs           588M  2.0M  586M   1% /run
/dev/sda2        20G   12G  7.0G  63% /
tmpfs           2.9G     0  2.9G   0% /dev/shm
tmpfs           5.0M  8.0K  5.0M   1% /run/lock
tmpfs           588M  128K  588M   1% /run/user/1000
/dev/sr0         96M   96M     0 100% /media/viswa/CDROM
/dev/sr1        6.0G  6.0G     0 100% /media/viswa/Ubuntu 24.04.3 LTS amd64
------------------------
Disk Report - Wed Nov 12 02:15:01 AM EST 2025
Filesystem      Size  Used Avail Use% Mounted on
tmpfs           588M  2.0M  586M   1% /run
/dev/sda2        20G   12G  7.0G  63% /
tmpfs           2.9G     0  2.9G   0% /dev/shm
tmpfs           5.0M  8.0K  5.0M   1% /run/lock
tmpfs           588M  128K  588M   1% /run/user/1000
/dev/sr0         96M   96M     0 100% /media/viswa/CDROM
/dev/sr1        6.0G  6.0G     0 100% /media/viswa/Ubuntu 24.04.3 LTS amd64
------------------------
Disk Report - Wed Nov 12 02:20:01 AM EST 2025
Filesystem      Size  Used Avail Use% Mounted on
tmpfs           588M  2.0M  586M   1% /run
/dev/sda2        20G   12G  7.0G  63% /
tmpfs           2.9G     0  2.9G   0% /dev/shm
tmpfs           5.0M  8.0K  5.0M   1% /run/lock
tmpfs           588M  128K  588M   1% /run/user/1000
/dev/sr0         96M   96M     0 100% /media/viswa/CDROM
/dev/sr1        6.0G  6.0G     0 100% /media/viswa/Ubuntu 24.04.3 LTS amd64
------------------------
Disk Report - Wed Nov 12 02:25:01 AM EST 2025
Filesystem      Size  Used Avail Use% Mounted on
tmpfs           588M  2.0M  586M   1% /run
/dev/sda2        20G   12G  7.0G  63% /
tmpfs           2.9G     0  2.9G   0% /dev/shm
tmpfs           5.0M  8.0K  5.0M   1% /run/lock
tmpfs           588M  128K  588M   1% /run/user/1000
/dev/sr0         96M   96M     0 100% /media/viswa/CDROM
/dev/sr1        6.0G  6.0G     0 100% /media/viswa/Ubuntu 24.04.3 LTS amd64
------------------------
Disk Report - Wed Nov 12 02:30:01 AM EST 2025
Filesystem      Size  Used Avail Use% Mounted on
tmpfs           588M  2.0M  586M   1% /run
/dev/sda2        20G   12G  7.0G  63% /
tmpfs           2.9G     0  2.9G   0% /dev/shm
tmpfs           5.0M  8.0K  5.0M   1% /run/lock
tmpfs           588M  128K  588M   1% /run/user/1000
/dev/sr0         96M   96M     0 100% /media/viswa/CDROM
/dev/sr1        6.0G  6.0G     0 100% /media/viswa/Ubuntu 24.04.3 LTS amd64
------------------------
Disk Report - Wed Nov 12 02:35:01 AM EST 2025
Filesystem      Size  Used Avail Use% Mounted on
tmpfs           588M  2.0M  586M   1% /run
/dev/sda2        20G   12G  7.0G  63% /
tmpfs           2.9G     0  2.9G   0% /dev/shm
tmpfs           5.0M  8.0K  5.0M   1% /run/lock
tmpfs           588M  128K  588M   1% /run/user/1000
/dev/sr0         96M   96M     0 100% /media/viswa/CDROM
/dev/sr1        6.0G  6.0G     0 100% /media/viswa/Ubuntu 24.04.3 LTS amd64
------------------------
